<?xml version="1.0" encoding="UTF-8"?>
<testng-results ignored="0" total="1" passed="0" failed="1" skipped="0">
  <reporter-output>
  </reporter-output>
  <suite started-at="2023-07-18T17:15:49 IST" name="Default suite" finished-at="2023-07-18T17:18:46 IST" duration-ms="177298">
    <groups>
    </groups>
    <test started-at="2023-07-18T17:15:49 IST" name="Default test" finished-at="2023-07-18T17:18:46 IST" duration-ms="177298">
      <class name="GRCFlowRun.GRCRegressionRun">
        <test-method is-config="true" signature="Login()[pri:0, instance:GRCFlowRun.GRCRegressionRun@30ee2816]" started-at="2023-07-18T17:15:49 IST" name="Login" finished-at="2023-07-18T17:15:49 IST" duration-ms="602" status="PASS">
          <reporter-output>
          </reporter-output>
        </test-method> <!-- Login -->
        <test-method is-config="true" signature="Max()[pri:0, instance:GRCFlowRun.GRCRegressionRun@30ee2816]" started-at="2023-07-18T17:15:49 IST" name="Max" finished-at="2023-07-18T17:15:53 IST" duration-ms="3882" status="PASS">
          <reporter-output>
          </reporter-output>
        </test-method> <!-- Max -->
        <test-method is-config="true" signature="url()[pri:0, instance:GRCFlowRun.GRCRegressionRun@30ee2816]" started-at="2023-07-18T17:15:53 IST" name="url" finished-at="2023-07-18T17:15:56 IST" duration-ms="3077" status="PASS">
          <reporter-output>
          </reporter-output>
        </test-method> <!-- url -->
        <test-method signature="Customercreation100(java.lang.String, java.lang.String, java.lang.String, java.lang.String, java.lang.String, java.lang.String, java.lang.String, java.lang.String, java.lang.String, java.lang.String, java.lang.String, java.lang.String, java.lang.String, java.lang.String, java.lang.String, java.lang.String, java.lang.String, java.lang.String)[pri:0, instance:GRCFlowRun.GRCRegressionRun@30ee2816]" started-at="2023-07-18T17:15:56 IST" name="Customercreation100" data-provider="itemsdata" finished-at="2023-07-18T17:18:46 IST" duration-ms="169261" status="FAIL">
          <params>
            <param index="0">
              <value>
                <![CDATA[aejaaz.ghouse@yopmail.com]]>
              </value>
            </param>
            <param index="1">
              <value>
                <![CDATA[8056016697]]>
              </value>
            </param>
            <param index="2">
              <value>
                <![CDATA[testingsa_1_2020@vakilsearch.com]]>
              </value>
            </param>
            <param index="3">
              <value>
                <![CDATA[Vakil@123]]>
              </value>
            </param>
            <param index="4">
              <value>
                <![CDATA[Test1]]>
              </value>
            </param>
            <param index="5">
              <value>
                <![CDATA[Testing]]>
              </value>
            </param>
            <param index="6">
              <value>
                <![CDATA[Sakthi]]>
              </value>
            </param>
            <param index="7">
              <value>
                <![CDATA[No:07 Poes Garden ,Chennai]]>
              </value>
            </param>
            <param index="8">
              <value>
                <![CDATA[600086]]>
              </value>
            </param>
            <param index="9">
              <value>
                <![CDATA[1]]>
              </value>
            </param>
            <param index="10">
              <value>
                <![CDATA[Dhrubo BD]]>
              </value>
            </param>
            <param index="11">
              <value>
                <![CDATA[Sharanya BD]]>
              </value>
            </param>
            <param index="12">
              <value>
                <![CDATA[Basic food Licence]]>
              </value>
            </param>
            <param index="13">
              <value>
                <![CDATA[9789955331]]>
              </value>
            </param>
            <param index="14">
              <value>
                <![CDATA[Testing Entity]]>
              </value>
            </param>
            <param index="15">
              <value>
                <![CDATA[L17110MH1973PLC517086]]>
              </value>
            </param>
            <param index="16">
              <value>
                <![CDATA[dhruboisbd@gmail.com]]>
              </value>
            </param>
            <param index="17">
              <value>
                <![CDATA[Vakil@123]]>
              </value>
            </param>
          </params>
          <exception class="org.openqa.selenium.ElementClickInterceptedException">
            <message>
              <![CDATA[element click intercepted: Element <span class="undefined styles_name__k_5xe">...</span> is not clickable at point (146, 98). Other element would receive the click: <div class="styles_backdrop__Ofn4m">...</div>
  (Session info: chrome=114.0.5735.199)
Build info: version: '3.141.59', revision: 'e82be7d358', time: '2018-11-14T08:17:03'
System info: host: 'DESKTOP-RG609L7', ip: '172.31.98.253', os.name: 'Windows 10', os.arch: 'amd64', os.version: '10.0', java.version: '17.0.7'
Driver info: org.openqa.selenium.chrome.ChromeDriver
Capabilities {acceptInsecureCerts: false, browserName: chrome, browserVersion: 114.0.5735.199, chrome: {chromedriverVersion: 114.0.5735.90 (386bc09e8f4f..., userDataDir: C:\Users\admin\AppData\Loca...}, goog:chromeOptions: {debuggerAddress: localhost:61538}, javascriptEnabled: true, networkConnectionEnabled: false, pageLoadStrategy: normal, platform: WINDOWS, platformName: WINDOWS, proxy: Proxy(), setWindowRect: true, strictFileInteractability: false, timeouts: {implicit: 0, pageLoad: 300000, script: 30000}, unhandledPromptBehavior: dismiss and notify, webauthn:extension:credBlob: true, webauthn:extension:largeBlob: true, webauthn:extension:minPinLength: true, webauthn:extension:prf: true, webauthn:virtualAuthenticators: true}
Session ID: 31f283377d448da5cdc50e3c3fce24e6]]>
            </message>
            <full-stacktrace>
              <![CDATA[org.openqa.selenium.ElementClickInterceptedException: element click intercepted: Element <span class="undefined styles_name__k_5xe">...</span> is not clickable at point (146, 98). Other element would receive the click: <div class="styles_backdrop__Ofn4m">...</div>
  (Session info: chrome=114.0.5735.199)
Build info: version: '3.141.59', revision: 'e82be7d358', time: '2018-11-14T08:17:03'
System info: host: 'DESKTOP-RG609L7', ip: '172.31.98.253', os.name: 'Windows 10', os.arch: 'amd64', os.version: '10.0', java.version: '17.0.7'
Driver info: org.openqa.selenium.chrome.ChromeDriver
Capabilities {acceptInsecureCerts: false, browserName: chrome, browserVersion: 114.0.5735.199, chrome: {chromedriverVersion: 114.0.5735.90 (386bc09e8f4f..., userDataDir: C:\Users\admin\AppData\Loca...}, goog:chromeOptions: {debuggerAddress: localhost:61538}, javascriptEnabled: true, networkConnectionEnabled: false, pageLoadStrategy: normal, platform: WINDOWS, platformName: WINDOWS, proxy: Proxy(), setWindowRect: true, strictFileInteractability: false, timeouts: {implicit: 0, pageLoad: 300000, script: 30000}, unhandledPromptBehavior: dismiss and notify, webauthn:extension:credBlob: true, webauthn:extension:largeBlob: true, webauthn:extension:minPinLength: true, webauthn:extension:prf: true, webauthn:virtualAuthenticators: true}
Session ID: 31f283377d448da5cdc50e3c3fce24e6
at java.base/jdk.internal.reflect.NativeConstructorAccessorImpl.newInstance0(Native Method)
at java.base/jdk.internal.reflect.NativeConstructorAccessorImpl.newInstance(NativeConstructorAccessorImpl.java:77)
at java.base/jdk.internal.reflect.DelegatingConstructorAccessorImpl.newInstance(DelegatingConstructorAccessorImpl.java:45)
at java.base/java.lang.reflect.Constructor.newInstanceWithCaller(Constructor.java:499)
at java.base/java.lang.reflect.Constructor.newInstance(Constructor.java:480)
at org.openqa.selenium.remote.http.W3CHttpResponseCodec.createException(W3CHttpResponseCodec.java:187)
at org.openqa.selenium.remote.http.W3CHttpResponseCodec.decode(W3CHttpResponseCodec.java:122)
at org.openqa.selenium.remote.http.W3CHttpResponseCodec.decode(W3CHttpResponseCodec.java:49)
at org.openqa.selenium.remote.HttpCommandExecutor.execute(HttpCommandExecutor.java:158)
at org.openqa.selenium.remote.service.DriverCommandExecutor.execute(DriverCommandExecutor.java:83)
at org.openqa.selenium.remote.RemoteWebDriver.execute(RemoteWebDriver.java:552)
at org.openqa.selenium.remote.RemoteWebElement.execute(RemoteWebElement.java:285)
at org.openqa.selenium.remote.RemoteWebElement.click(RemoteWebElement.java:84)
at jdk.internal.reflect.GeneratedMethodAccessor1.invoke(Unknown Source)
at java.base/jdk.internal.reflect.DelegatingMethodAccessorImpl.invoke(DelegatingMethodAccessorImpl.java:43)
at java.base/java.lang.reflect.Method.invoke(Method.java:568)
at org.openqa.selenium.support.pagefactory.internal.LocatingElementHandler.invoke(LocatingElementHandler.java:51)
at jdk.proxy2/jdk.proxy2.$Proxy18.click(Unknown Source)
at MainBase.CriticalFlowDetail.<init>(CriticalFlowDetail.java:394)
at Keymethods.GrcExpand.<init>(GrcExpand.java:20)
at MainBase.GRCRegression.OnboardingFlowForExistingUsers(GRCRegression.java:37)
at GRCFlowRun.GRCRegressionRun.Customercreation100(GRCRegressionRun.java:123)
at java.base/jdk.internal.reflect.NativeMethodAccessorImpl.invoke0(Native Method)
at java.base/jdk.internal.reflect.NativeMethodAccessorImpl.invoke(NativeMethodAccessorImpl.java:77)
at java.base/jdk.internal.reflect.DelegatingMethodAccessorImpl.invoke(DelegatingMethodAccessorImpl.java:43)
at java.base/java.lang.reflect.Method.invoke(Method.java:568)
at org.testng.internal.MethodInvocationHelper.invokeMethod(MethodInvocationHelper.java:132)
at org.testng.internal.TestInvoker.invokeMethod(TestInvoker.java:599)
at org.testng.internal.TestInvoker.invokeTestMethod(TestInvoker.java:174)
at org.testng.internal.MethodRunner.runInSequence(MethodRunner.java:46)
at org.testng.internal.TestInvoker$MethodInvocationAgent.invoke(TestInvoker.java:822)
at org.testng.internal.TestInvoker.invokeTestMethods(TestInvoker.java:147)
at org.testng.internal.TestMethodWorker.invokeTestMethods(TestMethodWorker.java:146)
at org.testng.internal.TestMethodWorker.run(TestMethodWorker.java:128)
at java.base/java.util.ArrayList.forEach(ArrayList.java:1511)
at org.testng.TestRunner.privateRun(TestRunner.java:764)
at org.testng.TestRunner.run(TestRunner.java:585)
at org.testng.SuiteRunner.runTest(SuiteRunner.java:384)
at org.testng.SuiteRunner.runSequentially(SuiteRunner.java:378)
at org.testng.SuiteRunner.privateRun(SuiteRunner.java:337)
at org.testng.SuiteRunner.run(SuiteRunner.java:286)
at org.testng.SuiteRunnerWorker.runSuite(SuiteRunnerWorker.java:53)
at org.testng.SuiteRunnerWorker.run(SuiteRunnerWorker.java:96)
at org.testng.TestNG.runSuitesSequentially(TestNG.java:1218)
at org.testng.TestNG.runSuitesLocally(TestNG.java:1140)
at org.testng.TestNG.runSuites(TestNG.java:1069)
at org.testng.TestNG.run(TestNG.java:1037)
at org.testng.remote.AbstractRemoteTestNG.run(AbstractRemoteTestNG.java:115)
at org.testng.remote.RemoteTestNG.initAndRun(RemoteTestNG.java:251)
at org.testng.remote.RemoteTestNG.main(RemoteTestNG.java:77)
]]>
            </full-stacktrace>
          </exception> <!-- org.openqa.selenium.ElementClickInterceptedException -->
          <reporter-output>
          </reporter-output>
        </test-method> <!-- Customercreation100 -->
        <test-method is-config="true" signature="close()[pri:0, instance:GRCFlowRun.GRCRegressionRun@30ee2816]" started-at="2023-07-18T17:18:46 IST" name="close" finished-at="2023-07-18T17:18:46 IST" duration-ms="1" status="PASS">
          <reporter-output>
          </reporter-output>
        </test-method> <!-- close -->
        <test-method is-config="true" signature="Report()[pri:0, instance:GRCFlowRun.GRCRegressionRun@30ee2816]" started-at="2023-07-18T17:18:46 IST" name="Report" finished-at="2023-07-18T17:18:46 IST" duration-ms="842" status="PASS">
          <reporter-output>
          </reporter-output>
        </test-method> <!-- Report -->
        <test-method is-config="true" signature="cleanup()[pri:0, instance:GRCFlowRun.GRCRegressionRun@30ee2816]" started-at="2023-07-18T17:18:46 IST" name="cleanup" finished-at="2023-07-18T17:18:46 IST" duration-ms="1" status="PASS">
          <reporter-output>
          </reporter-output>
        </test-method> <!-- cleanup -->
      </class> <!-- GRCFlowRun.GRCRegressionRun -->
    </test> <!-- Default test -->
  </suite> <!-- Default suite -->
</testng-results>
