<?xml version="1.0" encoding="UTF-8"?>
<testng-results ignored="0" total="1" passed="1" failed="0" skipped="0">
  <reporter-output>
  </reporter-output>
  <suite started-at="2023-06-05T13:14:05 IST" name="Default suite" finished-at="2023-06-05T13:14:17 IST" duration-ms="11502">
    <groups>
    </groups>
    <test started-at="2023-06-05T13:14:05 IST" name="Default test" finished-at="2023-06-05T13:14:17 IST" duration-ms="11502">
      <class name="CriticalFlowRun.Criticalflow">
        <test-method is-config="true" signature="Login()[pri:0, instance:CriticalFlowRun.Criticalflow@30ee2816]" started-at="2023-06-05T13:14:04 IST" name="Login" finished-at="2023-06-05T13:14:05 IST" duration-ms="714" status="PASS">
          <reporter-output>
          </reporter-output>
        </test-method> <!-- Login -->
        <test-method is-config="true" signature="Max()[pri:0, instance:CriticalFlowRun.Criticalflow@30ee2816]" started-at="2023-06-05T13:14:05 IST" name="Max" finished-at="2023-06-05T13:14:12 IST" duration-ms="7035" status="PASS">
          <reporter-output>
          </reporter-output>
        </test-method> <!-- Max -->
        <test-method is-config="true" signature="url()[pri:0, instance:CriticalFlowRun.Criticalflow@30ee2816]" started-at="2023-06-05T13:14:12 IST" name="url" finished-at="2023-06-05T13:14:15 IST" duration-ms="3134" status="PASS">
          <reporter-output>
          </reporter-output>
        </test-method> <!-- url -->
        <test-method signature="Customercreation100(java.lang.String, java.lang.String, java.lang.String, java.lang.String, java.lang.String, java.lang.String, java.lang.String, java.lang.String, java.lang.String, java.lang.String, java.lang.String, java.lang.String, java.lang.String, java.lang.String, java.lang.String, java.lang.String, java.lang.String, java.lang.String)[pri:0, instance:CriticalFlowRun.Criticalflow@30ee2816]" started-at="2023-06-05T13:14:16 IST" name="Customercreation100" data-provider="itemsdata" finished-at="2023-06-05T13:14:16 IST" duration-ms="11" status="PASS">
          <params>
            <param index="0">
              <value>
                <![CDATA[aejaaz.ghouse@yopmail.com]]>
              </value>
            </param>
            <param index="1">
              <value>
                <![CDATA[8056016697]]>
              </value>
            </param>
            <param index="2">
              <value>
                <![CDATA[testingsa_1_2020@vakilsearch.com]]>
              </value>
            </param>
            <param index="3">
              <value>
                <![CDATA[Vakil@123]]>
              </value>
            </param>
            <param index="4">
              <value>
                <![CDATA[Test1]]>
              </value>
            </param>
            <param index="5">
              <value>
                <![CDATA[Testing]]>
              </value>
            </param>
            <param index="6">
              <value>
                <![CDATA[Sakthi]]>
              </value>
            </param>
            <param index="7">
              <value>
                <![CDATA[No:07 Poes Garden ,Chennai]]>
              </value>
            </param>
            <param index="8">
              <value>
                <![CDATA[600086]]>
              </value>
            </param>
            <param index="9">
              <value>
                <![CDATA[1]]>
              </value>
            </param>
            <param index="10">
              <value>
                <![CDATA[Dhrubo BD]]>
              </value>
            </param>
            <param index="11">
              <value>
                <![CDATA[Sharanya BD]]>
              </value>
            </param>
            <param index="12">
              <value>
                <![CDATA[Basic food Licence]]>
              </value>
            </param>
            <param index="13">
              <value>
                <![CDATA[9789955331]]>
              </value>
            </param>
            <param index="14">
              <value>
                <![CDATA[Testing Entity]]>
              </value>
            </param>
            <param index="15">
              <value>
                <![CDATA[L17110MH1973PLC216786]]>
              </value>
            </param>
            <param index="16">
              <value>
                <![CDATA[dhruboisbd@gmail.com]]>
              </value>
            </param>
            <param index="17">
              <value>
                <![CDATA[Vakil@123]]>
              </value>
            </param>
          </params>
          <reporter-output>
          </reporter-output>
        </test-method> <!-- Customercreation100 -->
        <test-method is-config="true" signature="close()[pri:0, instance:CriticalFlowRun.Criticalflow@30ee2816]" started-at="2023-06-05T13:14:16 IST" name="close" finished-at="2023-06-05T13:14:16 IST" duration-ms="2" status="PASS">
          <reporter-output>
          </reporter-output>
        </test-method> <!-- close -->
        <test-method is-config="true" signature="Report()[pri:0, instance:CriticalFlowRun.Criticalflow@30ee2816]" started-at="2023-06-05T13:14:16 IST" name="Report" finished-at="2023-06-05T13:14:17 IST" duration-ms="891" status="PASS">
          <reporter-output>
          </reporter-output>
        </test-method> <!-- Report -->
        <test-method is-config="true" signature="cleanup()[pri:0, instance:CriticalFlowRun.Criticalflow@30ee2816]" started-at="2023-06-05T13:14:17 IST" name="cleanup" finished-at="2023-06-05T13:14:17 IST" duration-ms="651" status="FAIL">
          <exception class="java.lang.RuntimeException">
            <message>
              <![CDATA[javax.mail.AuthenticationFailedException: 530 Invalid username or password
]]>
            </message>
            <full-stacktrace>
              <![CDATA[java.lang.RuntimeException: javax.mail.AuthenticationFailedException: 530 Invalid username or password

at Keymethods.SendMailSSLWithAttachment.main(SendMailSSLWithAttachment.java:116)
at CriticalFlowRun.Criticalflow.cleanup(Criticalflow.java:145)
at java.base/jdk.internal.reflect.NativeMethodAccessorImpl.invoke0(Native Method)
at java.base/jdk.internal.reflect.NativeMethodAccessorImpl.invoke(NativeMethodAccessorImpl.java:77)
at java.base/jdk.internal.reflect.DelegatingMethodAccessorImpl.invoke(DelegatingMethodAccessorImpl.java:43)
at java.base/java.lang.reflect.Method.invoke(Method.java:568)
at org.testng.internal.MethodInvocationHelper.invokeMethod(MethodInvocationHelper.java:132)
at org.testng.internal.MethodInvocationHelper.invokeMethodConsideringTimeout(MethodInvocationHelper.java:61)
at org.testng.internal.ConfigInvoker.invokeConfigurationMethod(ConfigInvoker.java:366)
at org.testng.internal.ConfigInvoker.invokeConfigurations(ConfigInvoker.java:320)
at org.testng.SuiteRunner.privateRun(SuiteRunner.java:351)
at org.testng.SuiteRunner.run(SuiteRunner.java:286)
at org.testng.SuiteRunnerWorker.runSuite(SuiteRunnerWorker.java:53)
at org.testng.SuiteRunnerWorker.run(SuiteRunnerWorker.java:96)
at org.testng.TestNG.runSuitesSequentially(TestNG.java:1218)
at org.testng.TestNG.runSuitesLocally(TestNG.java:1140)
at org.testng.TestNG.runSuites(TestNG.java:1069)
at org.testng.TestNG.run(TestNG.java:1037)
at org.testng.remote.AbstractRemoteTestNG.run(AbstractRemoteTestNG.java:115)
at org.testng.remote.RemoteTestNG.initAndRun(RemoteTestNG.java:251)
at org.testng.remote.RemoteTestNG.main(RemoteTestNG.java:77)
Caused by: javax.mail.AuthenticationFailedException: 530 Invalid username or password

at com.sun.mail.smtp.SMTPTransport$Authenticator.authenticate(SMTPTransport.java:823)
at com.sun.mail.smtp.SMTPTransport.authenticate(SMTPTransport.java:756)
at com.sun.mail.smtp.SMTPTransport.protocolConnect(SMTPTransport.java:673)
at javax.mail.Service.connect(Service.java:317)
at javax.mail.Service.connect(Service.java:176)
at javax.mail.Service.connect(Service.java:125)
at javax.mail.Transport.send0(Transport.java:194)
at javax.mail.Transport.send(Transport.java:124)
at Keymethods.SendMailSSLWithAttachment.main(SendMailSSLWithAttachment.java:110)
... 20 more
]]>
            </full-stacktrace>
          </exception> <!-- java.lang.RuntimeException -->
          <reporter-output>
          </reporter-output>
        </test-method> <!-- cleanup -->
      </class> <!-- CriticalFlowRun.Criticalflow -->
    </test> <!-- Default test -->
  </suite> <!-- Default suite -->
</testng-results>
